DEBUG:requests.packages.urllib3.connectionpool:Starting new HTTPS connection (1): www.surveymonkey.com
DEBUG:requests.packages.urllib3.connectionpool:https://www.surveymonkey.com:443 "GET /user/sign-in/ HTTP/1.1" 200 15897
DEBUG:requests.packages.urllib3.connectionpool:https://www.surveymonkey.com:443 "GET /home/ HTTP/1.1" 302 7423
DEBUG:requests.packages.urllib3.connectionpool:https://www.surveymonkey.com:443 "GET /user/sign-in/?ep=%2Fhome%2F HTTP/1.1" 200 16000
DEBUG:requests.packages.urllib3.connectionpool:https://www.surveymonkey.com:443 "POST /user/sign-in/ HTTP/1.1" 302 7391
DEBUG:requests.packages.urllib3.connectionpool:https://www.surveymonkey.com:443 "GET /user/slash HTTP/1.1" 302 7364
DEBUG:requests.packages.urllib3.connectionpool:https://www.surveymonkey.com:443 "GET /home/ HTTP/1.1" 200 None
DEBUG:requests.packages.urllib3.connectionpool:https://www.surveymonkey.com:443 "GET /home/ HTTP/1.1" 200 None
DEBUG:requests.packages.urllib3.connectionpool:https://www.surveymonkey.com:443 "GET /home/ HTTP/1.1" 200 None
DEBUG:requests.packages.urllib3.connectionpool:https://www.surveymonkey.com:443 "GET /summary/CrW6GAZ3pcUgFG0OsQHVpo1QUX_2F5KGZx_2BMr8U6nzVjg_3D HTTP/1.1" 200 None
DEBUG:requests.packages.urllib3.connectionpool:https://www.surveymonkey.com:443 "GET /home/ HTTP/1.1" 200 None
DEBUG:requests.packages.urllib3.connectionpool:https://www.surveymonkey.com:443 "GET /user/sign-out/ HTTP/1.1" 302 7460
DEBUG:requests.packages.urllib3.connectionpool:Starting new HTTPS connection (1): www.surveymonkey.net
DEBUG:requests.packages.urllib3.connectionpool:https://www.surveymonkey.net:443 "GET /user/sign-out/?sm=ROWR9kmflwn129ovG3SYXQ_3D_3D HTTP/1.1" 302 15244
DEBUG:requests.packages.urllib3.connectionpool:https://www.surveymonkey.com:443 "GET /signout-confirmation/?sm=ROWR9kmflwn129ovG3SYXQ_3D_3D HTTP/1.1" 200 10034
DEBUG:requests.packages.urllib3.connectionpool:Starting new HTTPS connection (1): www.surveymonkey.com
DEBUG:requests.packages.urllib3.connectionpool:https://www.surveymonkey.com:443 "GET /user/sign-in/ HTTP/1.1" 200 15910
DEBUG:requests.packages.urllib3.connectionpool:https://www.surveymonkey.com:443 "GET /home/ HTTP/1.1" 302 7423
DEBUG:requests.packages.urllib3.connectionpool:https://www.surveymonkey.com:443 "GET /user/sign-in/?ep=%2Fhome%2F HTTP/1.1" 200 15957
DEBUG:requests.packages.urllib3.connectionpool:https://www.surveymonkey.com:443 "POST /user/sign-in/ HTTP/1.1" 302 7391
DEBUG:requests.packages.urllib3.connectionpool:https://www.surveymonkey.com:443 "GET /user/slash HTTP/1.1" 302 7364
DEBUG:requests.packages.urllib3.connectionpool:https://www.surveymonkey.com:443 "GET /home/ HTTP/1.1" 200 None
DEBUG:requests.packages.urllib3.connectionpool:https://www.surveymonkey.com:443 "GET /home/ HTTP/1.1" 200 None
DEBUG:requests.packages.urllib3.connectionpool:https://www.surveymonkey.com:443 "GET /home/ HTTP/1.1" 200 None
DEBUG:requests.packages.urllib3.connectionpool:https://www.surveymonkey.com:443 "GET /summary/CrW6GAZ3pcUgFG0OsQHVpo1QUX_2F5KGZx_2BMr8U6nzVjg_3D HTTP/1.1" 200 None
DEBUG:requests.packages.urllib3.connectionpool:https://www.surveymonkey.com:443 "GET /home/ HTTP/1.1" 200 None
DEBUG:requests.packages.urllib3.connectionpool:https://www.surveymonkey.com:443 "GET /user/sign-out/ HTTP/1.1" 302 7460
DEBUG:requests.packages.urllib3.connectionpool:Starting new HTTPS connection (1): www.surveymonkey.net
DEBUG:requests.packages.urllib3.connectionpool:https://www.surveymonkey.net:443 "GET /user/sign-out/?sm=ROWR9kmflwn129ovG3SYXQ_3D_3D HTTP/1.1" 302 15244
DEBUG:requests.packages.urllib3.connectionpool:https://www.surveymonkey.com:443 "GET /signout-confirmation/?sm=ROWR9kmflwn129ovG3SYXQ_3D_3D HTTP/1.1" 200 9928
DEBUG:requests.packages.urllib3.connectionpool:Starting new HTTPS connection (1): www.surveymonkey.com
DEBUG:requests.packages.urllib3.connectionpool:https://www.surveymonkey.com:443 "GET /user/sign-in/ HTTP/1.1" 200 15934
DEBUG:requests.packages.urllib3.connectionpool:https://www.surveymonkey.com:443 "GET /home/ HTTP/1.1" 302 7423
DEBUG:requests.packages.urllib3.connectionpool:https://www.surveymonkey.com:443 "GET /user/sign-in/?ep=%2Fhome%2F HTTP/1.1" 200 15981
DEBUG:requests.packages.urllib3.connectionpool:https://www.surveymonkey.com:443 "POST /user/sign-in/ HTTP/1.1" 302 7390
DEBUG:requests.packages.urllib3.connectionpool:https://www.surveymonkey.com:443 "GET /user/slash HTTP/1.1" 302 7363
DEBUG:requests.packages.urllib3.connectionpool:https://www.surveymonkey.com:443 "GET /home/ HTTP/1.1" 200 None
DEBUG:requests.packages.urllib3.connectionpool:https://www.surveymonkey.com:443 "GET /home/ HTTP/1.1" 200 None
DEBUG:requests.packages.urllib3.connectionpool:https://www.surveymonkey.com:443 "GET /home/ HTTP/1.1" 200 None
DEBUG:requests.packages.urllib3.connectionpool:https://www.surveymonkey.com:443 "GET /analyze/CrW6GAZ3pcUgFG0OsQHVpo1QUX_2F5KGZx_2BMr8U6nzVjg_3D HTTP/1.1" 200 None
DEBUG:requests.packages.urllib3.connectionpool:https://www.surveymonkey.com:443 "GET /home/ HTTP/1.1" 200 None
DEBUG:requests.packages.urllib3.connectionpool:https://www.surveymonkey.com:443 "GET /user/sign-out/ HTTP/1.1" 302 7460
DEBUG:requests.packages.urllib3.connectionpool:Starting new HTTPS connection (1): www.surveymonkey.net
DEBUG:requests.packages.urllib3.connectionpool:https://www.surveymonkey.net:443 "GET /user/sign-out/?sm=ROWR9kmflwn129ovG3SYXQ_3D_3D HTTP/1.1" 302 15244
DEBUG:requests.packages.urllib3.connectionpool:https://www.surveymonkey.com:443 "GET /signout-confirmation/?sm=ROWR9kmflwn129ovG3SYXQ_3D_3D HTTP/1.1" 200 10036
DEBUG:requests.packages.urllib3.connectionpool:Starting new HTTPS connection (1): www.surveymonkey.com
DEBUG:requests.packages.urllib3.connectionpool:https://www.surveymonkey.com:443 "GET /user/sign-in/ HTTP/1.1" 200 15896
DEBUG:requests.packages.urllib3.connectionpool:https://www.surveymonkey.com:443 "GET /home/ HTTP/1.1" 302 7423
DEBUG:requests.packages.urllib3.connectionpool:https://www.surveymonkey.com:443 "GET /user/sign-in/?ep=%2Fhome%2F HTTP/1.1" 200 15976
DEBUG:requests.packages.urllib3.connectionpool:https://www.surveymonkey.com:443 "POST /user/sign-in/ HTTP/1.1" 302 7390
DEBUG:requests.packages.urllib3.connectionpool:https://www.surveymonkey.com:443 "GET /user/slash HTTP/1.1" 302 7363
DEBUG:requests.packages.urllib3.connectionpool:https://www.surveymonkey.com:443 "GET /home/ HTTP/1.1" 200 None
DEBUG:requests.packages.urllib3.connectionpool:https://www.surveymonkey.com:443 "GET /home/ HTTP/1.1" 200 None
DEBUG:requests.packages.urllib3.connectionpool:https://www.surveymonkey.com:443 "GET /home/ HTTP/1.1" 200 None
DEBUG:requests.packages.urllib3.connectionpool:https://www.surveymonkey.com:443 "GET /analyze/CrW6GAZ3pcUgFG0OsQHVpo1QUX_2F5KGZx_2BMr8U6nzVjg_3D HTTP/1.1" 200 None
DEBUG:requests.packages.urllib3.connectionpool:https://www.surveymonkey.com:443 "GET /home/ HTTP/1.1" 200 None
DEBUG:requests.packages.urllib3.connectionpool:https://www.surveymonkey.com:443 "GET /user/sign-out/ HTTP/1.1" 302 7460
DEBUG:requests.packages.urllib3.connectionpool:Starting new HTTPS connection (1): www.surveymonkey.net
DEBUG:requests.packages.urllib3.connectionpool:https://www.surveymonkey.net:443 "GET /user/sign-out/?sm=ROWR9kmflwn129ovG3SYXQ_3D_3D HTTP/1.1" 302 15244
DEBUG:requests.packages.urllib3.connectionpool:https://www.surveymonkey.com:443 "GET /signout-confirmation/?sm=ROWR9kmflwn129ovG3SYXQ_3D_3D HTTP/1.1" 200 9928
DEBUG:requests.packages.urllib3.connectionpool:Starting new HTTPS connection (1): www.surveymonkey.com
DEBUG:requests.packages.urllib3.connectionpool:https://www.surveymonkey.com:443 "GET /user/sign-in/ HTTP/1.1" 200 15937
DEBUG:requests.packages.urllib3.connectionpool:https://www.surveymonkey.com:443 "GET /home/ HTTP/1.1" 302 7423
DEBUG:requests.packages.urllib3.connectionpool:https://www.surveymonkey.com:443 "GET /user/sign-in/?ep=%2Fhome%2F HTTP/1.1" 200 16015
DEBUG:requests.packages.urllib3.connectionpool:https://www.surveymonkey.com:443 "POST /user/sign-in/ HTTP/1.1" 302 7390
DEBUG:requests.packages.urllib3.connectionpool:https://www.surveymonkey.com:443 "GET /user/slash HTTP/1.1" 302 7363
DEBUG:requests.packages.urllib3.connectionpool:https://www.surveymonkey.com:443 "GET /home/ HTTP/1.1" 200 None
DEBUG:requests.packages.urllib3.connectionpool:https://www.surveymonkey.com:443 "GET /home/ HTTP/1.1" 200 None
DEBUG:requests.packages.urllib3.connectionpool:https://www.surveymonkey.com:443 "GET /home/ HTTP/1.1" 200 None
DEBUG:requests.packages.urllib3.connectionpool:https://www.surveymonkey.com:443 "GET /analyze/CrW6GAZ3pcUgFG0OsQHVpo1QUX_2F5KGZx_2BMr8U6nzVjg_3D HTTP/1.1" 200 None
DEBUG:requests.packages.urllib3.connectionpool:Resetting dropped connection: www.surveymonkey.com
DEBUG:requests.packages.urllib3.connectionpool:https://www.surveymonkey.com:443 "GET /analyze/CrW6GAZ3pcUgFG0OsQHVpo1QUX_2F5KGZx_2BMr8U6nzVjg_3D HTTP/1.1" 200 None
DEBUG:requests.packages.urllib3.connectionpool:https://www.surveymonkey.com:443 "GET /home/ HTTP/1.1" 200 None
WARNING:root:Already logged in
DEBUG:requests.packages.urllib3.connectionpool:https://www.surveymonkey.com:443 "GET /analyze/CrW6GAZ3pcUgFG0OsQHVpo1QUX_2F5KGZx_2BMr8U6nzVjg_3D HTTP/1.1" 200 None
DEBUG:requests.packages.urllib3.connectionpool:https://www.surveymonkey.com:443 "GET /analyze/CrW6GAZ3pcUgFG0OsQHVpo1QUX_2F5KGZx_2BMr8U6nzVjg_3D HTTP/1.1" 200 None
DEBUG:requests.packages.urllib3.connectionpool:https://www.surveymonkey.com:443 "GET /home/ HTTP/1.1" 200 None
WARNING:root:Already logged in
DEBUG:requests.packages.urllib3.connectionpool:https://www.surveymonkey.com:443 "GET /home/ HTTP/1.1" 200 None
DEBUG:requests.packages.urllib3.connectionpool:Starting new HTTPS connection (1): www.surveymonkey.com
DEBUG:requests.packages.urllib3.connectionpool:https://www.surveymonkey.com:443 "GET /user/sign-in/ HTTP/1.1" 200 15896
DEBUG:requests.packages.urllib3.connectionpool:https://www.surveymonkey.com:443 "GET /home/ HTTP/1.1" 302 7423
DEBUG:requests.packages.urllib3.connectionpool:https://www.surveymonkey.com:443 "GET /user/sign-in/?ep=%2Fhome%2F HTTP/1.1" 200 15994
DEBUG:requests.packages.urllib3.connectionpool:https://www.surveymonkey.com:443 "POST /user/sign-in/ HTTP/1.1" 302 7390
DEBUG:requests.packages.urllib3.connectionpool:https://www.surveymonkey.com:443 "GET /user/slash HTTP/1.1" 302 7363
DEBUG:requests.packages.urllib3.connectionpool:https://www.surveymonkey.com:443 "GET /home/ HTTP/1.1" 200 None
DEBUG:requests.packages.urllib3.connectionpool:https://www.surveymonkey.com:443 "GET /home/ HTTP/1.1" 200 None
DEBUG:requests.packages.urllib3.connectionpool:https://www.surveymonkey.com:443 "GET /home/ HTTP/1.1" 200 None
DEBUG:requests.packages.urllib3.connectionpool:https://www.surveymonkey.com:443 "GET /analyze/CrW6GAZ3pcUgFG0OsQHVpo1QUX_2F5KGZx_2BMr8U6nzVjg_3D HTTP/1.1" 200 None
DEBUG:requests.packages.urllib3.connectionpool:https://www.surveymonkey.com:443 "GET /home/ HTTP/1.1" 200 None
DEBUG:requests.packages.urllib3.connectionpool:https://www.surveymonkey.com:443 "GET /user/sign-out/ HTTP/1.1" 302 7460
DEBUG:requests.packages.urllib3.connectionpool:Starting new HTTPS connection (1): www.surveymonkey.net
DEBUG:requests.packages.urllib3.connectionpool:https://www.surveymonkey.net:443 "GET /user/sign-out/?sm=ROWR9kmflwn129ovG3SYXQ_3D_3D HTTP/1.1" 302 15244
DEBUG:requests.packages.urllib3.connectionpool:https://www.surveymonkey.com:443 "GET /signout-confirmation/?sm=ROWR9kmflwn129ovG3SYXQ_3D_3D HTTP/1.1" 200 10035
DEBUG:requests.packages.urllib3.connectionpool:Starting new HTTPS connection (1): www.surveymonkey.com
DEBUG:requests.packages.urllib3.connectionpool:https://www.surveymonkey.com:443 "GET /user/sign-in/ HTTP/1.1" 200 15932
DEBUG:requests.packages.urllib3.connectionpool:https://www.surveymonkey.com:443 "GET /home/ HTTP/1.1" 302 7423
DEBUG:requests.packages.urllib3.connectionpool:https://www.surveymonkey.com:443 "GET /user/sign-in/?ep=%2Fhome%2F HTTP/1.1" 200 16013
DEBUG:requests.packages.urllib3.connectionpool:https://www.surveymonkey.com:443 "POST /user/sign-in/ HTTP/1.1" 302 7390
DEBUG:requests.packages.urllib3.connectionpool:https://www.surveymonkey.com:443 "GET /user/slash HTTP/1.1" 302 7364
DEBUG:requests.packages.urllib3.connectionpool:https://www.surveymonkey.com:443 "GET /home/ HTTP/1.1" 200 None
DEBUG:requests.packages.urllib3.connectionpool:https://www.surveymonkey.com:443 "GET /home/ HTTP/1.1" 200 None
DEBUG:requests.packages.urllib3.connectionpool:https://www.surveymonkey.com:443 "GET /home/ HTTP/1.1" 200 None
DEBUG:requests.packages.urllib3.connectionpool:https://www.surveymonkey.com:443 "GET /analyze/CrW6GAZ3pcUgFG0OsQHVpo1QUX_2F5KGZx_2BMr8U6nzVjg_3D HTTP/1.1" 200 None
DEBUG:requests.packages.urllib3.connectionpool:https://www.surveymonkey.com:443 "GET /home/ HTTP/1.1" 200 None
DEBUG:requests.packages.urllib3.connectionpool:https://www.surveymonkey.com:443 "GET /user/sign-out/ HTTP/1.1" 302 7460
DEBUG:requests.packages.urllib3.connectionpool:Starting new HTTPS connection (1): www.surveymonkey.net
DEBUG:requests.packages.urllib3.connectionpool:https://www.surveymonkey.net:443 "GET /user/sign-out/?sm=ROWR9kmflwn129ovG3SYXQ_3D_3D HTTP/1.1" 302 15244
DEBUG:requests.packages.urllib3.connectionpool:https://www.surveymonkey.com:443 "GET /signout-confirmation/?sm=ROWR9kmflwn129ovG3SYXQ_3D_3D HTTP/1.1" 200 9927
DEBUG:requests.packages.urllib3.connectionpool:Starting new HTTPS connection (1): www.surveymonkey.com
DEBUG:requests.packages.urllib3.connectionpool:https://www.surveymonkey.com:443 "GET /user/sign-in/ HTTP/1.1" 200 15936
DEBUG:requests.packages.urllib3.connectionpool:https://www.surveymonkey.com:443 "GET /home/ HTTP/1.1" 302 7422
DEBUG:requests.packages.urllib3.connectionpool:https://www.surveymonkey.com:443 "GET /user/sign-in/?ep=%2Fhome%2F HTTP/1.1" 200 16014
DEBUG:requests.packages.urllib3.connectionpool:https://www.surveymonkey.com:443 "POST /user/sign-in/ HTTP/1.1" 302 7391
DEBUG:requests.packages.urllib3.connectionpool:https://www.surveymonkey.com:443 "GET /user/slash HTTP/1.1" 302 7363
DEBUG:requests.packages.urllib3.connectionpool:https://www.surveymonkey.com:443 "GET /home/ HTTP/1.1" 200 None
DEBUG:requests.packages.urllib3.connectionpool:https://www.surveymonkey.com:443 "GET /home/ HTTP/1.1" 200 None
DEBUG:requests.packages.urllib3.connectionpool:https://www.surveymonkey.com:443 "GET /home/ HTTP/1.1" 200 None
DEBUG:requests.packages.urllib3.connectionpool:https://www.surveymonkey.com:443 "GET /analyze/CrW6GAZ3pcUgFG0OsQHVpo1QUX_2F5KGZx_2BMr8U6nzVjg_3D HTTP/1.1" 200 None
DEBUG:requests.packages.urllib3.connectionpool:https://www.surveymonkey.com:443 "GET /home/ HTTP/1.1" 200 None
DEBUG:requests.packages.urllib3.connectionpool:https://www.surveymonkey.com:443 "GET /user/sign-out/ HTTP/1.1" 302 7460
DEBUG:requests.packages.urllib3.connectionpool:Starting new HTTPS connection (1): www.surveymonkey.net
DEBUG:requests.packages.urllib3.connectionpool:https://www.surveymonkey.net:443 "GET /user/sign-out/?sm=ROWR9kmflwn129ovG3SYXQ_3D_3D HTTP/1.1" 302 15244
DEBUG:requests.packages.urllib3.connectionpool:https://www.surveymonkey.com:443 "GET /signout-confirmation/?sm=ROWR9kmflwn129ovG3SYXQ_3D_3D HTTP/1.1" 200 10095
DEBUG:requests.packages.urllib3.connectionpool:Starting new HTTPS connection (1): www.surveymonkey.com
DEBUG:requests.packages.urllib3.connectionpool:https://www.surveymonkey.com:443 "GET /user/sign-in/ HTTP/1.1" 200 15935
DEBUG:requests.packages.urllib3.connectionpool:https://www.surveymonkey.com:443 "GET /home/ HTTP/1.1" 302 7423
DEBUG:requests.packages.urllib3.connectionpool:https://www.surveymonkey.com:443 "GET /user/sign-in/?ep=%2Fhome%2F HTTP/1.1" 200 15955
DEBUG:requests.packages.urllib3.connectionpool:https://www.surveymonkey.com:443 "POST /user/sign-in/ HTTP/1.1" 302 7390
DEBUG:requests.packages.urllib3.connectionpool:https://www.surveymonkey.com:443 "GET /user/slash HTTP/1.1" 302 7363
DEBUG:requests.packages.urllib3.connectionpool:https://www.surveymonkey.com:443 "GET /home/ HTTP/1.1" 200 None
DEBUG:requests.packages.urllib3.connectionpool:https://www.surveymonkey.com:443 "GET /home/ HTTP/1.1" 200 None
DEBUG:requests.packages.urllib3.connectionpool:https://www.surveymonkey.com:443 "GET /home/ HTTP/1.1" 200 None
DEBUG:requests.packages.urllib3.connectionpool:https://www.surveymonkey.com:443 "GET /analyze/CrW6GAZ3pcUgFG0OsQHVpo1QUX_2F5KGZx_2BMr8U6nzVjg_3D HTTP/1.1" 200 None
DEBUG:requests.packages.urllib3.connectionpool:https://www.surveymonkey.com:443 "GET /home/ HTTP/1.1" 200 None
DEBUG:requests.packages.urllib3.connectionpool:https://www.surveymonkey.com:443 "GET /user/sign-out/ HTTP/1.1" 302 7460
DEBUG:requests.packages.urllib3.connectionpool:Starting new HTTPS connection (1): www.surveymonkey.net
DEBUG:requests.packages.urllib3.connectionpool:https://www.surveymonkey.net:443 "GET /user/sign-out/?sm=ROWR9kmflwn129ovG3SYXQ_3D_3D HTTP/1.1" 302 15244
DEBUG:requests.packages.urllib3.connectionpool:https://www.surveymonkey.com:443 "GET /signout-confirmation/?sm=ROWR9kmflwn129ovG3SYXQ_3D_3D HTTP/1.1" 200 10025
DEBUG:requests.packages.urllib3.connectionpool:Starting new HTTPS connection (1): www.surveymonkey.com
DEBUG:requests.packages.urllib3.connectionpool:https://www.surveymonkey.com:443 "GET /user/sign-in/ HTTP/1.1" 200 15896
DEBUG:requests.packages.urllib3.connectionpool:https://www.surveymonkey.com:443 "GET /home/ HTTP/1.1" 302 7423
DEBUG:requests.packages.urllib3.connectionpool:https://www.surveymonkey.com:443 "GET /user/sign-in/?ep=%2Fhome%2F HTTP/1.1" 200 15955
DEBUG:requests.packages.urllib3.connectionpool:https://www.surveymonkey.com:443 "POST /user/sign-in/ HTTP/1.1" 302 7390
DEBUG:requests.packages.urllib3.connectionpool:https://www.surveymonkey.com:443 "GET /user/slash HTTP/1.1" 302 7363
DEBUG:requests.packages.urllib3.connectionpool:https://www.surveymonkey.com:443 "GET /home/ HTTP/1.1" 200 None
DEBUG:requests.packages.urllib3.connectionpool:https://www.surveymonkey.com:443 "GET /home/ HTTP/1.1" 200 None
DEBUG:requests.packages.urllib3.connectionpool:https://www.surveymonkey.com:443 "GET /home/ HTTP/1.1" 200 None
DEBUG:requests.packages.urllib3.connectionpool:https://www.surveymonkey.com:443 "GET /analyze/CrW6GAZ3pcUgFG0OsQHVpo1QUX_2F5KGZx_2BMr8U6nzVjg_3D HTTP/1.1" 200 None
DEBUG:requests.packages.urllib3.connectionpool:Starting new HTTPS connection (1): www.surveymonkey.com
DEBUG:requests.packages.urllib3.connectionpool:https://www.surveymonkey.com:443 "GET /user/sign-in/ HTTP/1.1" 200 15934
DEBUG:requests.packages.urllib3.connectionpool:https://www.surveymonkey.com:443 "GET /home/ HTTP/1.1" 302 7423
DEBUG:requests.packages.urllib3.connectionpool:https://www.surveymonkey.com:443 "GET /user/sign-in/?ep=%2Fhome%2F HTTP/1.1" 200 15977
DEBUG:requests.packages.urllib3.connectionpool:https://www.surveymonkey.com:443 "POST /user/sign-in/ HTTP/1.1" 302 7391
DEBUG:requests.packages.urllib3.connectionpool:https://www.surveymonkey.com:443 "GET /user/slash HTTP/1.1" 302 7363
DEBUG:requests.packages.urllib3.connectionpool:https://www.surveymonkey.com:443 "GET /home/ HTTP/1.1" 200 None
DEBUG:requests.packages.urllib3.connectionpool:https://www.surveymonkey.com:443 "GET /home/ HTTP/1.1" 200 None
DEBUG:requests.packages.urllib3.connectionpool:https://www.surveymonkey.com:443 "GET /home/ HTTP/1.1" 200 None
DEBUG:requests.packages.urllib3.connectionpool:https://www.surveymonkey.com:443 "GET /analyze/CrW6GAZ3pcUgFG0OsQHVpo1QUX_2F5KGZx_2BMr8U6nzVjg_3D HTTP/1.1" 200 None
DEBUG:requests.packages.urllib3.connectionpool:https://www.surveymonkey.com:443 "GET /home/ HTTP/1.1" 200 None
DEBUG:requests.packages.urllib3.connectionpool:https://www.surveymonkey.com:443 "GET /user/sign-out/ HTTP/1.1" 302 7460
DEBUG:requests.packages.urllib3.connectionpool:Starting new HTTPS connection (1): www.surveymonkey.net
DEBUG:requests.packages.urllib3.connectionpool:https://www.surveymonkey.net:443 "GET /user/sign-out/?sm=ROWR9kmflwn129ovG3SYXQ_3D_3D HTTP/1.1" 302 15244
DEBUG:requests.packages.urllib3.connectionpool:https://www.surveymonkey.com:443 "GET /signout-confirmation/?sm=ROWR9kmflwn129ovG3SYXQ_3D_3D HTTP/1.1" 302 7435
DEBUG:requests.packages.urllib3.connectionpool:https://www.surveymonkey.com:443 "GET /r/smcsat?c=96929263 HTTP/1.1" 200 14948
DEBUG:requests.packages.urllib3.connectionpool:Starting new HTTPS connection (1): www.surveymonkey.com
DEBUG:requests.packages.urllib3.connectionpool:https://www.surveymonkey.com:443 "GET /user/sign-in/ HTTP/1.1" 200 15910
DEBUG:requests.packages.urllib3.connectionpool:https://www.surveymonkey.com:443 "GET /home/ HTTP/1.1" 302 7423
DEBUG:requests.packages.urllib3.connectionpool:https://www.surveymonkey.com:443 "GET /user/sign-in/?ep=%2Fhome%2F HTTP/1.1" 200 15955
DEBUG:requests.packages.urllib3.connectionpool:https://www.surveymonkey.com:443 "POST /user/sign-in/ HTTP/1.1" 302 7391
DEBUG:requests.packages.urllib3.connectionpool:https://www.surveymonkey.com:443 "GET /user/slash HTTP/1.1" 302 7363
DEBUG:requests.packages.urllib3.connectionpool:https://www.surveymonkey.com:443 "GET /home/ HTTP/1.1" 200 None
DEBUG:requests.packages.urllib3.connectionpool:https://www.surveymonkey.com:443 "GET /home/ HTTP/1.1" 200 None
DEBUG:requests.packages.urllib3.connectionpool:https://www.surveymonkey.com:443 "GET /home/ HTTP/1.1" 200 None
DEBUG:requests.packages.urllib3.connectionpool:https://www.surveymonkey.com:443 "GET /analyze/CrW6GAZ3pcUgFG0OsQHVpo1QUX_2F5KGZx_2BMr8U6nzVjg_3D HTTP/1.1" 200 None
DEBUG:requests.packages.urllib3.connectionpool:https://www.surveymonkey.com:443 "GET /home/ HTTP/1.1" 200 None
DEBUG:requests.packages.urllib3.connectionpool:https://www.surveymonkey.com:443 "GET /user/sign-out/ HTTP/1.1" 302 7460
DEBUG:requests.packages.urllib3.connectionpool:Starting new HTTPS connection (1): www.surveymonkey.net
DEBUG:requests.packages.urllib3.connectionpool:https://www.surveymonkey.net:443 "GET /user/sign-out/?sm=ROWR9kmflwn129ovG3SYXQ_3D_3D HTTP/1.1" 302 15244
DEBUG:requests.packages.urllib3.connectionpool:https://www.surveymonkey.com:443 "GET /signout-confirmation/?sm=ROWR9kmflwn129ovG3SYXQ_3D_3D HTTP/1.1" 200 10036
DEBUG:requests.packages.urllib3.connectionpool:Starting new HTTPS connection (1): www.surveymonkey.com
DEBUG:requests.packages.urllib3.connectionpool:https://www.surveymonkey.com:443 "GET /user/sign-in/ HTTP/1.1" 200 15961
DEBUG:requests.packages.urllib3.connectionpool:https://www.surveymonkey.com:443 "GET /home/ HTTP/1.1" 302 7423
DEBUG:requests.packages.urllib3.connectionpool:https://www.surveymonkey.com:443 "GET /user/sign-in/?ep=%2Fhome%2F HTTP/1.1" 200 15982
DEBUG:requests.packages.urllib3.connectionpool:https://www.surveymonkey.com:443 "POST /user/sign-in/ HTTP/1.1" 302 7390
DEBUG:requests.packages.urllib3.connectionpool:https://www.surveymonkey.com:443 "GET /user/slash HTTP/1.1" 302 7363
DEBUG:requests.packages.urllib3.connectionpool:https://www.surveymonkey.com:443 "GET /home/ HTTP/1.1" 200 None
DEBUG:requests.packages.urllib3.connectionpool:https://www.surveymonkey.com:443 "GET /home/ HTTP/1.1" 200 None
DEBUG:requests.packages.urllib3.connectionpool:https://www.surveymonkey.com:443 "GET /home/ HTTP/1.1" 200 None
DEBUG:requests.packages.urllib3.connectionpool:https://www.surveymonkey.com:443 "GET /analyze/CrW6GAZ3pcUgFG0OsQHVpo1QUX_2F5KGZx_2BMr8U6nzVjg_3D HTTP/1.1" 200 None
DEBUG:requests.packages.urllib3.connectionpool:Starting new HTTPS connection (1): www.surveymonkey.com
DEBUG:requests.packages.urllib3.connectionpool:https://www.surveymonkey.com:443 "GET /user/sign-in/ HTTP/1.1" 200 15934
DEBUG:requests.packages.urllib3.connectionpool:https://www.surveymonkey.com:443 "GET /home/ HTTP/1.1" 302 7422
DEBUG:requests.packages.urllib3.connectionpool:https://www.surveymonkey.com:443 "GET /user/sign-in/?ep=%2Fhome%2F HTTP/1.1" 200 15955
DEBUG:requests.packages.urllib3.connectionpool:https://www.surveymonkey.com:443 "POST /user/sign-in/ HTTP/1.1" 302 7390
DEBUG:requests.packages.urllib3.connectionpool:https://www.surveymonkey.com:443 "GET /user/slash HTTP/1.1" 302 7363
DEBUG:requests.packages.urllib3.connectionpool:https://www.surveymonkey.com:443 "GET /home/ HTTP/1.1" 200 None
DEBUG:requests.packages.urllib3.connectionpool:https://www.surveymonkey.com:443 "GET /home/ HTTP/1.1" 200 None
DEBUG:requests.packages.urllib3.connectionpool:https://www.surveymonkey.com:443 "GET /home/ HTTP/1.1" 200 None
DEBUG:requests.packages.urllib3.connectionpool:https://www.surveymonkey.com:443 "GET /analyze/CrW6GAZ3pcUgFG0OsQHVpo1QUX_2F5KGZx_2BMr8U6nzVjg_3D HTTP/1.1" 200 None
DEBUG:requests.packages.urllib3.connectionpool:Starting new HTTPS connection (1): www.surveymonkey.com
DEBUG:requests.packages.urllib3.connectionpool:https://www.surveymonkey.com:443 "GET /user/sign-in/ HTTP/1.1" 200 15910
DEBUG:requests.packages.urllib3.connectionpool:https://www.surveymonkey.com:443 "GET /home/ HTTP/1.1" 302 7423
DEBUG:requests.packages.urllib3.connectionpool:https://www.surveymonkey.com:443 "GET /user/sign-in/?ep=%2Fhome%2F HTTP/1.1" 200 15982
DEBUG:requests.packages.urllib3.connectionpool:https://www.surveymonkey.com:443 "POST /user/sign-in/ HTTP/1.1" 302 7391
DEBUG:requests.packages.urllib3.connectionpool:https://www.surveymonkey.com:443 "GET /user/slash HTTP/1.1" 302 7363
DEBUG:requests.packages.urllib3.connectionpool:https://www.surveymonkey.com:443 "GET /home/ HTTP/1.1" 200 None
DEBUG:requests.packages.urllib3.connectionpool:https://www.surveymonkey.com:443 "GET /home/ HTTP/1.1" 200 None
DEBUG:requests.packages.urllib3.connectionpool:https://www.surveymonkey.com:443 "GET /home/ HTTP/1.1" 200 None
DEBUG:requests.packages.urllib3.connectionpool:https://www.surveymonkey.com:443 "GET /analyze/CrW6GAZ3pcUgFG0OsQHVpo1QUX_2F5KGZx_2BMr8U6nzVjg_3D HTTP/1.1" 200 None
DEBUG:requests.packages.urllib3.connectionpool:https://www.surveymonkey.com:443 "GET /home/ HTTP/1.1" 200 None
DEBUG:requests.packages.urllib3.connectionpool:https://www.surveymonkey.com:443 "GET /user/sign-out/ HTTP/1.1" 302 7460
DEBUG:requests.packages.urllib3.connectionpool:Starting new HTTPS connection (1): www.surveymonkey.net
DEBUG:requests.packages.urllib3.connectionpool:https://www.surveymonkey.net:443 "GET /user/sign-out/?sm=ROWR9kmflwn129ovG3SYXQ_3D_3D HTTP/1.1" 302 15244
DEBUG:requests.packages.urllib3.connectionpool:https://www.surveymonkey.com:443 "GET /signout-confirmation/?sm=ROWR9kmflwn129ovG3SYXQ_3D_3D HTTP/1.1" 302 7434
DEBUG:requests.packages.urllib3.connectionpool:https://www.surveymonkey.com:443 "GET /r/smcsat?c=96929263 HTTP/1.1" 200 14945
DEBUG:requests.packages.urllib3.connectionpool:Starting new HTTPS connection (1): www.surveymonkey.com
DEBUG:requests.packages.urllib3.connectionpool:https://www.surveymonkey.com:443 "GET /user/sign-in/ HTTP/1.1" 200 15910
DEBUG:requests.packages.urllib3.connectionpool:https://www.surveymonkey.com:443 "GET /home/ HTTP/1.1" 302 7423
DEBUG:requests.packages.urllib3.connectionpool:https://www.surveymonkey.com:443 "GET /user/sign-in/?ep=%2Fhome%2F HTTP/1.1" 200 15957
DEBUG:requests.packages.urllib3.connectionpool:https://www.surveymonkey.com:443 "POST /user/sign-in/ HTTP/1.1" 302 7390
DEBUG:requests.packages.urllib3.connectionpool:https://www.surveymonkey.com:443 "GET /user/slash HTTP/1.1" 302 7364
DEBUG:requests.packages.urllib3.connectionpool:https://www.surveymonkey.com:443 "GET /home/ HTTP/1.1" 200 None
DEBUG:requests.packages.urllib3.connectionpool:https://www.surveymonkey.com:443 "GET /home/ HTTP/1.1" 200 None
DEBUG:requests.packages.urllib3.connectionpool:https://www.surveymonkey.com:443 "GET /home/ HTTP/1.1" 200 None
DEBUG:requests.packages.urllib3.connectionpool:https://www.surveymonkey.com:443 "GET /analyze/CrW6GAZ3pcUgFG0OsQHVpo1QUX_2F5KGZx_2BMr8U6nzVjg_3D HTTP/1.1" 200 None
DEBUG:requests.packages.urllib3.connectionpool:https://www.surveymonkey.com:443 "GET /home/ HTTP/1.1" 200 None
DEBUG:requests.packages.urllib3.connectionpool:https://www.surveymonkey.com:443 "GET /user/sign-out/ HTTP/1.1" 302 7460
DEBUG:requests.packages.urllib3.connectionpool:Starting new HTTPS connection (1): www.surveymonkey.net
DEBUG:requests.packages.urllib3.connectionpool:https://www.surveymonkey.net:443 "GET /user/sign-out/?sm=ROWR9kmflwn129ovG3SYXQ_3D_3D HTTP/1.1" 302 15244
DEBUG:requests.packages.urllib3.connectionpool:https://www.surveymonkey.com:443 "GET /signout-confirmation/?sm=ROWR9kmflwn129ovG3SYXQ_3D_3D HTTP/1.1" 302 7435
DEBUG:requests.packages.urllib3.connectionpool:https://www.surveymonkey.com:443 "GET /r/smcsat?c=96929263 HTTP/1.1" 200 14946
